This is XeTeX, Version 3.14159265-2.6-0.999991 (TeX Live 2019/Debian) (preloaded format=xelatex 2021.5.2)  2 MAY 2021 19:55
entering extended mode
 restricted \write18 enabled.
 %&-line parsing enabled.
**fa_title.tex
(./fa_title.tex
LaTeX2e <2020-02-02> patch level 2
L3 programming layer <2020-02-14>
! Undefined control sequence.
l.6 \faculty
            {دانشکده مهندسی رایانه}
The control sequence at the end of the top line
of your error message was never \def'ed. If you have
misspelled it (e.g., `\hobx'), type `I' and the correct
spelling (e.g., `I\hbox'). Otherwise just continue,
and I'll forget about whatever was undefined.


! LaTeX Error: Missing \begin{document}.

See the LaTeX manual or LaTeX Companion for explanation.
Type  H <return>  for immediate help.
 ...                                              
                                                  
l.6 \faculty{د
              انشکده مهندسی رایانه}
You're in trouble here.  Try typing  <return>  to proceed.
If that doesn't work, type  X <return>  to quit.

Missing character: There is no د in font nullfont!
Missing character: There is no ا in font nullfont!
Missing character: There is no ن in font nullfont!
Missing character: There is no ش in font nullfont!
Missing character: There is no ک in font nullfont!
Missing character: There is no د in font nullfont!
Missing character: There is no ه in font nullfont!
Missing character: There is no م in font nullfont!
Missing character: There is no ه in font nullfont!
Missing character: There is no ن in font nullfont!
Missing character: There is no د in font nullfont!
Missing character: There is no س in font nullfont!
Missing character: There is no ی in font nullfont!
Missing character: There is no ر in font nullfont!
Missing character: There is no ا in font nullfont!
Missing character: There is no ی in font nullfont!
Missing character: There is no ا in font nullfont!
Missing character: There is no ن in font nullfont!
Missing character: There is no ه in font nullfont!
! Undefined control sequence.
l.10 \fatitle
             {برسی یادگیری ماشین در شناسایی سرطان چشم}
The control sequence at the end of the top line
of your error message was never \def'ed. If you have
misspelled it (e.g., `\hobx'), type `I' and the correct
spelling (e.g., `I\hbox'). Otherwise just continue,
and I'll forget about whatever was undefined.

Missing character: There is no ب in font nullfont!
Missing character: There is no ر in font nullfont!
Missing character: There is no س in font nullfont!
Missing character: There is no ی in font nullfont!
Missing character: There is no ی in font nullfont!
Missing character: There is no ا in font nullfont!
Missing character: There is no د in font nullfont!
Missing character: There is no گ in font nullfont!
Missing character: There is no ی in font nullfont!
Missing character: There is no ر in font nullfont!
Missing character: There is no ی in font nullfont!
Missing character: There is no م in font nullfont!
Missing character: There is no ا in font nullfont!
Missing character: There is no ش in font nullfont!
Missing character: There is no ی in font nullfont!
Missing character: There is no ن in font nullfont!
Missing character: There is no د in font nullfont!
Missing character: There is no ر in font nullfont!
Missing character: There is no ش in font nullfont!
Missing character: There is no ن in font nullfont!
Missing character: There is no ا in font nullfont!
Missing character: There is no س in font nullfont!
Missing character: There is no ا in font nullfont!
Missing character: There is no ی in font nullfont!
Missing character: There is no ی in font nullfont!
Missing character: There is no س in font nullfont!
Missing character: There is no ر in font nullfont!
Missing character: There is no ط in font nullfont!
Missing character: There is no ا in font nullfont!
Missing character: There is no ن in font nullfont!
Missing character: There is no چ in font nullfont!
Missing character: There is no ش in font nullfont!
Missing character: There is no م in font nullfont!
! Undefined control sequence.
l.12 \firstsupervisor
                     {دکتر رضا صفابخش}
The control sequence at the end of the top line
of your error message was never \def'ed. If you have
misspelled it (e.g., `\hobx'), type `I' and the correct
spelling (e.g., `I\hbox'). Otherwise just continue,
and I'll forget about whatever was undefined.

Missing character: There is no د in font nullfont!
Missing character: There is no ک in font nullfont!
Missing character: There is no ت in font nullfont!
Missing character: There is no ر in font nullfont!
Missing character: There is no ر in font nullfont!
Missing character: There is no ض in font nullfont!
Missing character: There is no ا in font nullfont!
Missing character: There is no ص in font nullfont!
Missing character: There is no ف in font nullfont!
Missing character: There is no ا in font nullfont!
Missing character: There is no ب in font nullfont!
Missing character: There is no خ in font nullfont!
Missing character: There is no ش in font nullfont!
! Undefined control sequence.
l.18 \name
          {نام }
The control sequence at the end of the top line
of your error message was never \def'ed. If you have
misspelled it (e.g., `\hobx'), type `I' and the correct
spelling (e.g., `I\hbox'). Otherwise just continue,
and I'll forget about whatever was undefined.

Missing character: There is no ن in font nullfont!
Missing character: There is no ا in font nullfont!
Missing character: There is no م in font nullfont!
! Undefined control sequence.
l.20 \surname
             {بهداد منصوری}
The control sequence at the end of the top line
of your error message was never \def'ed. If you have
misspelled it (e.g., `\hobx'), type `I' and the correct
spelling (e.g., `I\hbox'). Otherwise just continue,
and I'll forget about whatever was undefined.

Missing character: There is no ب in font nullfont!
Missing character: There is no ه in font nullfont!
Missing character: There is no د in font nullfont!
Missing character: There is no ا in font nullfont!
Missing character: There is no د in font nullfont!
Missing character: There is no م in font nullfont!
Missing character: There is no ن in font nullfont!
Missing character: There is no ص in font nullfont!
Missing character: There is no و in font nullfont!
Missing character: There is no ر in font nullfont!
Missing character: There is no ی in font nullfont!
! Undefined control sequence.
l.22 \thesisdate
                {اردیبهشت ۱۴۰۰}
The control sequence at the end of the top line
of your error message was never \def'ed. If you have
misspelled it (e.g., `\hobx'), type `I' and the correct
spelling (e.g., `I\hbox'). Otherwise just continue,
and I'll forget about whatever was undefined.

Missing character: There is no ا in font nullfont!
Missing character: There is no ر in font nullfont!
Missing character: There is no د in font nullfont!
Missing character: There is no ی in font nullfont!
Missing character: There is no ب in font nullfont!
Missing character: There is no ه in font nullfont!
Missing character: There is no ش in font nullfont!
Missing character: There is no ت in font nullfont!
Missing character: There is no ۱ in font nullfont!
Missing character: There is no ۴ in font nullfont!
Missing character: There is no ۰ in font nullfont!
Missing character: There is no ۰ in font nullfont!

Overfull \hbox (20.0pt too wide) in paragraph at lines 6--23
[]
 []

! Undefined control sequence.
l.25 \fa
        -abstract{
The control sequence at the end of the top line
of your error message was never \def'ed. If you have
misspelled it (e.g., `\hobx'), type `I' and the correct
spelling (e.g., `I\hbox'). Otherwise just continue,
and I'll forget about whatever was undefined.


! LaTeX Error: Missing \begin{document}.

See the LaTeX manual or LaTeX Companion for explanation.
Type  H <return>  for immediate help.
 ...                                              
                                                  
l.25 \fa-
         abstract{
You're in trouble here.  Try typing  <return>  to proceed.
If that doesn't work, type  X <return>  to quit.

Missing character: There is no - in font nullfont!
Missing character: There is no a in font nullfont!
Missing character: There is no b in font nullfont!
Missing character: There is no s in font nullfont!
Missing character: There is no t in font nullfont!
Missing character: There is no r in font nullfont!
Missing character: There is no a in font nullfont!
Missing character: There is no c in font nullfont!
Missing character: There is no t in font nullfont!
Missing character: There is no د in font nullfont!
Missing character: There is no ر in font nullfont!
Missing character: There is no ا in font nullfont!
Missing character: There is no ي in font nullfont!
Missing character: There is no ن in font nullfont!
Missing character: There is no ق in font nullfont!
Missing character: There is no س in font nullfont!
Missing character: There is no م in font nullfont!
Missing character: There is no ت in font nullfont!
Missing character: There is no چ in font nullfont!
Missing character: There is no ك in font nullfont!
Missing character: There is no ي in font nullfont!
Missing character: There is no د in font nullfont!
Missing character: There is no ه in font nullfont!
Missing character: There is no پ in font nullfont!
Missing character: There is no ا in font nullfont!
Missing character: There is no ی in font nullfont!
Missing character: There is no ا in font nullfont!
Missing character: There is no ن in font nullfont!
Missing character: There is no ن in font nullfont!
Missing character: There is no ا in font nullfont!
Missing character: There is no م in font nullfont!
Missing character: There is no ه in font nullfont!
Missing character: There is no ن in font nullfont!
Missing character: There is no و in font nullfont!
Missing character: There is no ش in font nullfont!
Missing character: There is no ت in font nullfont!
Missing character: There is no ه in font nullfont!
Missing character: There is no م in font nullfont!
Missing character: There is no ي in font nullfont!
Missing character: There is no ‌ in font nullfont!
Missing character: There is no ش in font nullfont!
Missing character: There is no و in font nullfont!
Missing character: There is no ‌ in font nullfont!
Missing character: There is no د in font nullfont!
Missing character: There is no ‌ in font nullfont!
Missing character: There is no . in font nullfont!
Missing character: There is no ‌ in font nullfont!
Missing character: There is no چ in font nullfont!
Missing character: There is no ك in font nullfont!
Missing character: There is no ي in font nullfont!
Missing character: There is no د in font nullfont!
Missing character: There is no ه in font nullfont!
Missing character: There is no ب in font nullfont!
Missing character: There is no ا in font nullfont!
Missing character: There is no ي in font nullfont!
Missing character: There is no د in font nullfont!
Missing character: There is no ج in font nullfont!
Missing character: There is no ا in font nullfont!
Missing character: There is no م in font nullfont!
Missing character: There is no ع in font nullfont!
Missing character: There is no و in font nullfont!
Missing character: There is no ب in font nullfont!
Missing character: There is no ي in font nullfont!
Missing character: There is no ا in font nullfont!
Missing character: There is no ن in font nullfont!
Missing character: There is no ‌ in font nullfont!
Missing character: There is no ك in font nullfont!
Missing character: There is no ن in font nullfont!
Missing character: There is no ن in font nullfont!
Missing character: There is no د in font nullfont!
Missing character: There is no ه in font nullfont!
Missing character: There is no ‌ in font nullfont!
Missing character: There is no خ in font nullfont!
Missing character: There is no ل in font nullfont!
Missing character: There is no ا in font nullfont!
Missing character: There is no ص in font nullfont!
Missing character: There is no ه in font nullfont!
Missing character: There is no ‌ in font nullfont!
Missing character: There is no ا in font nullfont!
Missing character: There is no ي in font nullfont!
Missing character: There is no ا in font nullfont!
Missing character: There is no ز in font nullfont!
Missing character: There is no ا in font nullfont!
Missing character: There is no ق in font nullfont!
Missing character: There is no د in font nullfont!
Missing character: There is no ا in font nullfont!
Missing character: There is no م in font nullfont!
Missing character: There is no ا in font nullfont!
Missing character: There is no ت in font nullfont!
Missing character: There is no ا in font nullfont!
Missing character: There is no ن in font nullfont!
Missing character: There is no ج in font nullfont!
Missing character: There is no ا in font nullfont!
Missing character: There is no م in font nullfont!
Missing character: There is no ‌ in font nullfont!
Missing character: There is no ش in font nullfont!
Missing character: There is no د in font nullfont!
Missing character: There is no ه in font nullfont!
Missing character: There is no ب in font nullfont!
Missing character: There is no ا in font nullfont!
Missing character: There is no ش in font nullfont!
Missing character: There is no د in font nullfont!
Missing character: There is no . in font nullfont!
Missing character: There is no د in font nullfont!
Missing character: There is no ر in font nullfont!
Missing character: There is no چ in font nullfont!
Missing character: There is no ك in font nullfont!
Missing character: There is no ي in font nullfont!
Missing character: There is no د in font nullfont!
Missing character: There is no ه in font nullfont!
Missing character: There is no ب in font nullfont!
Missing character: There is no ا in font nullfont!
Missing character: There is no ی in font nullfont!
Missing character: There is no د in font nullfont!
Missing character: There is no ا in font nullfont!
Missing character: There is no ز in font nullfont!
Missing character: There is no ا in font nullfont!
Missing character: There is no ر in font nullfont!
Missing character: There is no ج in font nullfont!
Missing character: There is no ا in font nullfont!
Missing character: There is no ع in font nullfont!
Missing character: There is no ب in font nullfont!
Missing character: There is no ه in font nullfont!
Missing character: There is no م in font nullfont!
Missing character: There is no ر in font nullfont!
Missing character: There is no ج in font nullfont!
Missing character: There is no ع in font nullfont!
Missing character: There is no و in font nullfont!
Missing character: There is no ذ in font nullfont!
Missing character: There is no ك in font nullfont!
Missing character: There is no ر in font nullfont!
Missing character: There is no ر in font nullfont!
Missing character: There is no و in font nullfont!
Missing character: There is no ا in font nullfont!
Missing character: There is no ب in font nullfont!
Missing character: There is no ط in font nullfont!
Missing character: There is no ر in font nullfont!
Missing character: There is no ي in font nullfont!
Missing character: There is no ا in font nullfont!
Missing character: There is no ض in font nullfont!
Missing character: There is no ي in font nullfont!
Missing character: There is no ، in font nullfont!
Missing character: There is no ب in font nullfont!
Missing character: There is no ي in font nullfont!
Missing character: There is no ا in font nullfont!
Missing character: There is no ن in font nullfont!
Missing character: There is no ت in font nullfont!
Missing character: There is no ا in font nullfont!
Missing character: There is no ر in font nullfont!
Missing character: There is no ي in font nullfont!
Missing character: There is no خ in font nullfont!
Missing character: There is no چ in font nullfont!
Missing character: There is no ه in font nullfont!
Missing character: There is no و in font nullfont!
Missing character: There is no ت in font nullfont!
Missing character: There is no ع in font nullfont!
Missing character: There is no ر in font nullfont!
Missing character: There is no ي in font nullfont!
Missing character: There is no ف in font nullfont!
Missing character: There is no م in font nullfont!
Missing character: There is no س in font nullfont!
Missing character: There is no ئ in font nullfont!
Missing character: There is no ل in font nullfont!
Missing character: There is no ه in font nullfont!
Missing character: There is no خ in font nullfont!
Missing character: There is no و in font nullfont!
Missing character: There is no د in font nullfont!
Missing character: There is no د in font nullfont!
Missing character: There is no ا in font nullfont!
Missing character: There is no ر in font nullfont!
Missing character: There is no ي in font nullfont!
Missing character: There is no ‌ in font nullfont!
Missing character: There is no ش in font nullfont!
Missing character: There is no و in font nullfont!
Missing character: There is no د in font nullfont!
Missing character: There is no . in font nullfont!

Overfull \hbox (20.0pt too wide) in paragraph at lines 25--28
[]
 []

! Undefined control sequence.
l.31 \keywords
              {کلیدواژه اول، ...، کلیدواژه پنجم (نوشتن سه تا پنج واژه کلیدی ...
The control sequence at the end of the top line
of your error message was never \def'ed. If you have
misspelled it (e.g., `\hobx'), type `I' and the correct
spelling (e.g., `I\hbox'). Otherwise just continue,
and I'll forget about whatever was undefined.


! LaTeX Error: Missing \begin{document}.

See the LaTeX manual or LaTeX Companion for explanation.
Type  H <return>  for immediate help.
 ...                                              
                                                  
l.31 \keywords{ک
                لیدواژه اول، ...، کلیدواژه پنجم (نوشتن سه تا پنج واژه کلیدی ...

You're in trouble here.  Try typing  <return>  to proceed.
If that doesn't work, type  X <return>  to quit.

Missing character: There is no ک in font nullfont!
Missing character: There is no ل in font nullfont!
Missing character: There is no ی in font nullfont!
Missing character: There is no د in font nullfont!
Missing character: There is no و in font nullfont!
Missing character: There is no ا in font nullfont!
Missing character: There is no ژ in font nullfont!
Missing character: There is no ه in font nullfont!
Missing character: There is no ا in font nullfont!
Missing character: There is no و in font nullfont!
Missing character: There is no ل in font nullfont!
Missing character: There is no ، in font nullfont!
Missing character: There is no . in font nullfont!
Missing character: There is no . in font nullfont!
Missing character: There is no . in font nullfont!
Missing character: There is no ، in font nullfont!
Missing character: There is no ک in font nullfont!
Missing character: There is no ل in font nullfont!
Missing character: There is no ی in font nullfont!
Missing character: There is no د in font nullfont!
Missing character: There is no و in font nullfont!
Missing character: There is no ا in font nullfont!
Missing character: There is no ژ in font nullfont!
Missing character: There is no ه in font nullfont!
Missing character: There is no پ in font nullfont!
Missing character: There is no ن in font nullfont!
Missing character: There is no ج in font nullfont!
Missing character: There is no م in font nullfont!
Missing character: There is no ( in font nullfont!
Missing character: There is no ن in font nullfont!
Missing character: There is no و in font nullfont!
Missing character: There is no ش in font nullfont!
Missing character: There is no ت in font nullfont!
Missing character: There is no ن in font nullfont!
Missing character: There is no س in font nullfont!
Missing character: There is no ه in font nullfont!
Missing character: There is no ت in font nullfont!
Missing character: There is no ا in font nullfont!
Missing character: There is no پ in font nullfont!
Missing character: There is no ن in font nullfont!
Missing character: There is no ج in font nullfont!
Missing character: There is no و in font nullfont!
Missing character: There is no ا in font nullfont!
Missing character: There is no ژ in font nullfont!
Missing character: There is no ه in font nullfont!
Missing character: There is no ک in font nullfont!
Missing character: There is no ل in font nullfont!
Missing character: There is no ی in font nullfont!
Missing character: There is no د in font nullfont!
Missing character: There is no ی in font nullfont!
Missing character: There is no ض in font nullfont!
Missing character: There is no ر in font nullfont!
Missing character: There is no و in font nullfont!
Missing character: There is no ر in font nullfont!
Missing character: There is no ی in font nullfont!
Missing character: There is no ا in font nullfont!
Missing character: There is no س in font nullfont!
Missing character: There is no ت in font nullfont!
Missing character: There is no ) in font nullfont!

Overfull \hbox (20.0pt too wide) in paragraph at lines 31--32
[]
 []

! Undefined control sequence.
l.35 \AUTtitle
              
The control sequence at the end of the top line
of your error message was never \def'ed. If you have
misspelled it (e.g., `\hobx'), type `I' and the correct
spelling (e.g., `I\hbox'). Otherwise just continue,
and I'll forget about whatever was undefined.


! LaTeX Error: Missing \begin{document}.

See the LaTeX manual or LaTeX Companion for explanation.
Type  H <return>  for immediate help.
 ...                                              
                                                  
l.39 \begin{center}
                   
You're in trouble here.  Try typing  <return>  to proceed.
If that doesn't work, type  X <return>  to quit.


Overfull \hbox (20.0pt too wide) in paragraph at lines 39--39
[] 
 []

! Undefined control sequence.
l.40 \includegraphics
                     [height=5cm,width=12cm]{besm}
The control sequence at the end of the top line
of your error message was never \def'ed. If you have
misspelled it (e.g., `\hobx'), type `I' and the correct
spelling (e.g., `I\hbox'). Otherwise just continue,
and I'll forget about whatever was undefined.

Missing character: There is no [ in font nullfont!
Missing character: There is no h in font nullfont!
Missing character: There is no e in font nullfont!
Missing character: There is no i in font nullfont!
Missing character: There is no g in font nullfont!
Missing character: There is no h in font nullfont!
Missing character: There is no t in font nullfont!
Missing character: There is no = in font nullfont!
Missing character: There is no 5 in font nullfont!
Missing character: There is no c in font nullfont!
Missing character: There is no m in font nullfont!
Missing character: There is no , in font nullfont!
Missing character: There is no w in font nullfont!
Missing character: There is no i in font nullfont!
Missing character: There is no d in font nullfont!
Missing character: There is no t in font nullfont!
Missing character: There is no h in font nullfont!
Missing character: There is no = in font nullfont!
Missing character: There is no 1 in font nullfont!
Missing character: There is no 2 in font nullfont!
Missing character: There is no c in font nullfont!
Missing character: There is no m in font nullfont!
Missing character: There is no ] in font nullfont!
Missing character: There is no b in font nullfont!
Missing character: There is no e in font nullfont!
Missing character: There is no s in font nullfont!
Missing character: There is no m in font nullfont!
)
! Emergency stop.
<*> fa_title.tex
                
*** (job aborted, no legal \end found)

 
Here is how much of TeX's memory you used:
 15 strings out of 479819
 301 string characters out of 5895847
 243732 words of memory out of 5000000
 17240 multiletter control sequences out of 15000+600000
 532338 words of font info for 24 fonts, out of 8000000 for 9000
 1348 hyphenation exceptions out of 8191
 12i,1n,15p,218b,59s stack positions out of 5000i,500n,10000p,200000b,80000s
No pages of output.
